make.exe all --print-data-base --no-builtin-variables --no-builtin-rules --question
make: *** No rule to make target 'all'.  Stop.
 
# GNU Make 4.3
# Built for Windows32
# Copyright (C) 1988-2020 Free Software Foundation, Inc.
# License GPLv3+: GNU GPL version 3 or later <http://gnu.org/licenses/gpl.html>
# This is free software: you are free to change and redistribute it.
# There is NO WARRANTY, to the extent permitted by law.

# Make data base, printed on Sat Dec 11 09:49:56 2021

# Variables

# environment
FPS_BROWSER_APP_PROFILE_STRING = Internet Explorer
# environment
SYSTEMDRIVE = C:
# environment
JAVA_HOME = C:\Program Files\OpenJDK\openjdk-8u302-b08
# environment
LC_ALL = C
# environment
USERPROFILE = C:\Users\arose
# environment
LOCAL_GIT_DIRECTORY = C:\Users\arose\AppData\Local\GitHubDesktop\app-2.9.5\resources\app\git
# environment
LOCALAPPDATA = C:\Users\arose\AppData\Local
# environment
VSCODE_IPC_HOOK_EXTHOST = \\.\pipe\vscode-ipc-5f376536-c922-42d8-a1c7-5d1102505f39-sock
# environment
VSCODE_CWD = C:\Users\arose\AppData\Local\GitHubDesktop\app-2.9.5
# environment
CHOCOLATEYINSTALL = C:\ProgramData\chocolatey
# environment
SYSTEMROOT = C:\WINDOWS
# environment
PROCESSOR_LEVEL = 6
# environment
PSMODULEPATH = C:\Program Files\WindowsPowerShell\Modules;C:\WINDOWS\system32\WindowsPowerShell\v1.0\Modules
# default
MAKE_COMMAND := C:/ProgramData/chocolatey/lib/make/tools/install/bin/make.exe
# automatic
@D = $(patsubst %/,%,$(patsubst %\,%,$(dir $@)))
# environment
CHROME_CRASHPAD_PIPE_NAME = \\.\pipe\crashpad_2272_NLNXQLOMKUXVTNJM
# environment
FPS_BROWSER_USER_PROFILE_STRING = Default
# environment
VSCODE_HANDLES_UNCAUGHT_ERRORS = true
# default
.VARIABLES := 
# automatic
%D = $(patsubst %/,%,$(patsubst %\,%,$(dir $%)))
# automatic
^D = $(patsubst %/,%,$(patsubst %\,%,$(dir $^)))
# environment
VSCODE_LOG_STACK = false
# automatic
%F = $(notdir $%)
# environment
VSCODE_CODE_CACHE_PATH = C:\Users\arose\AppData\Roaming\Code\CachedData\ccbaa2d27e38e5afa3e5c21c1c7bef4657064247
# environment
LANG = C
# default
.LOADED := 
# environment
TMP = C:\Users\arose\AppData\Local\Temp
# default
.INCLUDE_DIRS = .
# environment
PROCESSOR_ARCHITEW6432 = AMD64
# makefile
MAKEFLAGS = pqrR
# environment
PT6HOME = D:\Development\Networking\Cisco Packet Tracer 6.2sv
# environment
ONEDRIVE = C:\Users\arose\OneDrive
# makefile
CURDIR := d:/Development/Projects/Andriod/Mid
# environment
VSCODE_PIPE_LOGGING = true
# environment
APPLICATION_INSIGHTS_NO_DIAGNOSTIC_CHANNEL = true
# automatic
*D = $(patsubst %/,%,$(patsubst %\,%,$(dir $*)))
# environment
PROGRAMFILES = C:\Program Files (x86)
# environment
MFLAGS = -pqrR
# default
.SHELLFLAGS := -c
# environment
COMMONPROGRAMW6432 = C:\Program Files\Common Files
# automatic
+D = $(patsubst %/,%,$(patsubst %\,%,$(dir $+)))
# makefile
MAKEFILE_LIST := 
# automatic
@F = $(notdir $@)
# environment
VSCODE_VERBOSE_LOGGING = true
# environment
VSCODE_PID = 2272
# automatic
?D = $(patsubst %/,%,$(patsubst %\,%,$(dir $?)))
# automatic
*F = $(notdir $*)
# automatic
<D = $(patsubst %/,%,$(patsubst %\,%,$(dir $<)))
# environment
PHPSTORM = D:\Development\Editors\JetBrains\PhpStorm 2020.3\bin;
# environment
VSCODE_NLS_CONFIG = {"locale":"en-us","availableLanguages":{},"_languagePackSupport":true}
# default
MAKE_HOST := Windows32
# environment
ANDROID_HOME = C:\Users\arose\AppData\Local\Android\Sdk
# environment
PROGRAMDATA = C:\ProgramData
# default
SHELL := sh.exe
# environment
HOMEPATH = \Users\arose
# default
MAKECMDGOALS := all
# environment
DRIVERDATA = C:\Windows\System32\Drivers\DriverData
# environment
COMSPEC = C:\WINDOWS\system32\cmd.exe
# environment
WEBSTORM = D:\Development\Editors\JetBrains\WebStorm 2020.3.1\bin;
# environment
WINDIR = C:\WINDOWS
# environment
MAKELEVEL := 0
# default
MAKE = $(MAKE_COMMAND)
# environment
PATH = C:\Python310\Scripts\;C:\Python310\;C:\Python39\Scripts\;C:\Python39\;C:\ProgramData\Oracle\Java\javapath;C:\WINDOWS\system32;C:\WINDOWS;C:\WINDOWS\System32\Wbem;C:\WINDOWS\System32\WindowsPowerShell\v1.0\;C:\WINDOWS\System32\OpenSSH\;C:\Program Files\Git\cmd;C:\Program Files\PuTTY\;D:\Development\SDK\PHP;D:\Development\SDK\PHP\php.exe;C:\ProgramData\chocolatey\bin;D:\Development\SDK\C\mingw32\bin;%LOCALAPPDATA%\Android\Sdk\platform-tools;C:\Program Files\OpenJDK\openjdk-8u302-b08\bin;D:\Development\SDK\MinGW\bin;C:\Users\arose\Desktop\mongodb-database-tools-windows-x86_64-100.5.1\bin;C:\Program Files\nodejs\;C:\Users\arose\scoop\shims;C:\Users\arose\AppData\Local\Microsoft\WindowsApps;D:\Development\Editors\Microsoft VS Code\bin;C:\Users\arose\AppData\Local\GitHubDesktop\bin;D:\Development\Editors\JetBrains\PhpStorm 2020.3\bin;D:\Development\Editors\JetBrains\PyCharm 2020.3.1\bin;D:\Development\Editors\JetBrains\IntelliJ IDEA 2020.3\bin;D:\Development\Editors\JetBrains\WebStorm 2020.3.1\bin;D:\Development\SDK\flutter;D:\Development\SDK\flutter\bin;C:\Development\Testing\TestProject Agent;D:\Development\heroku\bin;C:\Users\arose\AppData\Local\Android\Sdk\platform-tools;C:\Users\arose\AppData\Local\Programs\mongosh\;C:\Users\arose\AppData\Roaming\npm;%USERPROFILE%\AppData\Local\Microsoft\WindowsApps;
# environment
ZES_ENABLE_SYSMAN = 1
# environment
COMPUTERNAME = SPECTRE
# default
MAKEFILES := 
# automatic
^F = $(notdir $^)
# environment
PYCHARM = D:\Development\Editors\JetBrains\PyCharm 2020.3.1\bin;
# environment
PROMPT = $P$G
# environment
CHOCOLATEYLASTPATHUPDATE = 132766744015044406
# environment
INTELLIJ IDEA = D:\Development\Editors\JetBrains\IntelliJ IDEA 2020.3\bin;
# environment
LOGONSERVER = \\SPECTRE
# environment
VSCODE_LOG_NATIVE = false
# environment
USERNAME = arose
# environment
COMMONPROGRAMFILES = C:\Program Files (x86)\Common Files
# automatic
?F = $(notdir $?)
# environment
PROGRAMW6432 = C:\Program Files
# environment
PATHEXT = .COM;.EXE;.BAT;.CMD;.VBS;.VBE;.JS;.JSE;.WSF;.WSH;.MSC;.PY;.PYW
# automatic
+F = $(notdir $+)
# environment
ORIGINAL_XDG_CURRENT_DESKTOP = undefined
# environment
USERDOMAIN = SPECTRE
# 'override' directive
GNUMAKEFLAGS := 
# environment
OS = Windows_NT
# environment
__COMPAT_LAYER = DetectorsAppHealth
# makefile
.DEFAULT_GOAL := 
# default
MAKE_VERSION := 4.3
# environment
PROGRAMFILES(X86) = C:\Program Files (x86)
# environment
USERDOMAIN_ROAMINGPROFILE = SPECTRE
# environment
NUMBER_OF_PROCESSORS = 8
# environment
PUBLIC = C:\Users\Public
# environment
APPDATA = C:\Users\arose\AppData\Roaming
# environment
HOMEDRIVE = C:
# environment
PROCESSOR_ARCHITECTURE = x86
# environment
VSCODE_AMD_ENTRYPOINT = vs/workbench/services/extensions/node/extensionHostProcess
# environment
COMMONPROGRAMFILES(X86) = C:\Program Files (x86)\Common Files
# environment
ELECTRON_RUN_AS_NODE = 1
# environment
TEMP = C:\Users\arose\AppData\Local\Temp
# environment
VSCODE_IPC_HOOK = \\.\pipe\2bfaf6e97aecbe2e65739185cce506a0-1.62.3-main-sock
# default
.RECIPEPREFIX := 
# automatic
<F = $(notdir $<)
# default
SUFFIXES := 
# environment
ALLUSERSPROFILE = C:\ProgramData
# environment
SESSIONNAME = Console
# environment
VSCODE_CLI = 1
# environment
ELECTRON_NO_ATTACH_CONSOLE = 1
# default
.FEATURES := target-specific order-only second-expansion else-if shortest-stem undefine oneshell nocomment grouped-target extra-prereqs archives jobserver output-sync load
# environment
PROCESSOR_REVISION = 8e0a
# environment
PROCESSOR_IDENTIFIER = Intel64 Family 6 Model 142 Stepping 10, GenuineIntel
# variable set hash-table stats:
# Load=108/1024=11%, Rehash=0, Collisions=9/132=7%

# Pattern-specific Variable Values

# No pattern-specific variable values.

# Directories

# . (key d:/Development/Projects/Andriod/Mid, mtime 1639198179): 15 files, no impossibilities.

# 15 files, no impossibilities in 1 directories.

# Implicit Rules

# No implicit rules.

# Files

# Not a target:
Makefile:
#  Implicit rule search has been done.
#  File does not exist.
#  File has been updated.
#  Failed to be updated.

# Not a target:
.DEFAULT:
#  Implicit rule search has not been done.
#  Modification time never checked.
#  File has not been updated.

# Not a target:
all:
#  Command line target.
#  Implicit rule search has been done.
#  File does not exist.
#  File has not been updated.

# Not a target:
makefile:
#  Implicit rule search has been done.
#  File does not exist.
#  File has been updated.
#  Failed to be updated.

# Not a target:
makefile.mak:
#  Implicit rule search has been done.
#  File does not exist.
#  File has been updated.
#  Failed to be updated.

# Not a target:
GNUmakefile:
#  Implicit rule search has been done.
#  File does not exist.
#  File has been updated.
#  Failed to be updated.

# files hash-table stats:
# Load=7/1024=1%, Rehash=0, Collisions=0/16=0%
# VPATH Search Paths

# No 'vpath' search paths.

# No general ('VPATH' variable) search path.

# strcache buffers: 1 (0) / strings = 22 / storage = 195 B / avg = 8 B
# current buf: size = 8174 B / used = 195 B / count = 22 / avg = 8 B

# strcache performance: lookups = 25 / hit rate = 12%
# hash-table stats:
# Load=22/8192=0%, Rehash=0, Collisions=0/25=0%
# Finished Make data base on Sat Dec 11 09:49:56 2021

 
